1771576640607	geckodriver	INFO	Listening on 127.0.0.1:61615
1771576643714	mozrunner::runner	INFO	Running command: "C:\\Program Files\\Mozilla Firefox\\firefox.exe" "--marionette" "--remote-debugging-port" "61616" "--remote-allow-hosts" "localhost" "-no-remote" "-profile" "C:\\Users\\SOROSM~1\\AppData\\Local\\Temp\\rust_mozprofile4HSbu6"
console.warn: services.settings: Ignoring preference override of remote settings server
console.warn: services.settings: Allow by setting MOZ_REMOTE_SETTINGS_DEVTOOLS=1 in the environment
Dynamically enable window occlusion 0
1771576643941	Marionette	INFO	Marionette enabled
1771576643999	Marionette	INFO	Listening on port 61623
WebDriver BiDi listening on ws://127.0.0.1:61616
Read port: 61623
1771576644091	RemoteAgent	WARN	TLS certificate errors will be ignored for this session
console.warn: LoginRecipes: "Falling back to a synchronous message for: https://www.saucedemo.com."
console.warn: LoginRecipes: "Falling back to a synchronous message for: https://www.saucedemo.com."
JavaScript warning: https://www.saucedemo.com/static/js/main.bcf4bc5f.js, line 2: Script terminated by timeout at:
value@https://www.saucedemo.com/static/js/main.bcf4bc5f.js:2:488138
value@https://www.saucedemo.com/static/js/main.bcf4bc5f.js:2:487665
value@https://www.saucedemo.com/static/js/main.bcf4bc5f.js:2:509574
value@https://www.saucedemo.com/static/js/main.bcf4bc5f.js:2:505799
89083/r/936/t/7429/value/<@https://www.saucedemo.com/static/js/main.bcf4bc5f.js:2:440840

1771576779904	Marionette	INFO	Stopped listening on port 61623
Dynamically enable window occlusion 1
console.error: (new TypeError("NetworkError when attempting to fetch resource.", ""))
console.error: (new Error("OHTTP was configured for https://ads.mozilla.org/v1/delete_user but we couldn't fetch a valid config", "moz-src:///browser/modules/ContextId.sys.mjs", 234))
console.error: "Failed to fetch https://spocs.getpocket.com/user:" "NetworkError when attempting to fetch resource."
console.warn: TopSitesFeed: Failed to fetch data from MARS server: NetworkError when attempting to fetch resource.
JavaScript error: resource://gre/modules/ObliviousHTTP.sys.mjs, line 117: NS_ERROR_XPC_CANT_CONVERT_PRIMITIVE_TO_ARRAY: Cannot convert primitive JavaScript value into an array arg 2 [nsIObliviousHttpService.newChannel]
JavaScript error: resource://services-settings/RemoteSettingsClient.sys.mjs, line 85: Error: Unknown callback
